# JRE version: Java(TM) SE Runtime Environment (13.0.1+9) (build 13.0.1+9)
# Java VM: Java HotSpot(TM) 64-Bit Server VM (13.0.1+9, mixed mode, sharing, tiered, compressed oops, g1 gc, windows-amd64)
Heap:
 garbage-first heap   total 470016K, used 278807K [0x0000000080000000, 0x0000000100000000)
  region size 1024K, 78 young (79872K), 10 survivors (10240K)
 Metaspace       used 128966K, capacity 132699K, committed 133200K, reserved 1165312K
  class space    used 16458K, capacity 17796K, committed 18044K, reserved 1048576K
GC Heap History (20 events):
Event: 804.269 GC heap before
{Heap before GC invocations=94 (full 0):
 garbage-first heap   total 301056K, used 241886K [0x0000000080000000, 0x0000000100000000)
  region size 1024K, 108 young (110592K), 2 survivors (2048K)
 Metaspace       used 119955K, capacity 123396K, committed 123728K, reserved 1157120K
  class space    used 15209K, capacity 16424K, committed 16508K, reserved 1048576K
}
Event: 804.285 GC heap after
{Heap after GC invocations=95 (full 0):
 garbage-first heap   total 301056K, used 138873K [0x0000000080000000, 0x0000000100000000)
  region size 1024K, 6 young (6144K), 6 survivors (6144K)
 Metaspace       used 119955K, capacity 123396K, committed 123728K, reserved 1157120K
  class space    used 15209K, capacity 16424K, committed 16508K, reserved 1048576K
}
Event: 804.354 GC heap before
{Heap before GC invocations=95 (full 0):
 garbage-first heap   total 301056K, used 138873K [0x0000000080000000, 0x0000000100000000)
  region size 1024K, 7 young (7168K), 6 survivors (6144K)
 Metaspace       used 119976K, capacity 123396K, committed 123728K, reserved 1157120K
  class space    used 15212K, capacity 16424K, committed 16508K, reserved 1048576K
}
Event: 804.368 GC heap after
{Heap after GC invocations=96 (full 0):
 garbage-first heap   total 301056K, used 139134K [0x0000000080000000, 0x0000000100000000)
  region size 1024K, 6 young (6144K), 6 survivors (6144K)
 Metaspace       used 119976K, capacity 123396K, committed 123728K, reserved 1157120K
  class space    used 15212K, capacity 16424K, committed 16508K, reserved 1048576K
}
Event: 806.509 GC heap before
{Heap before GC invocations=97 (full 0):
 garbage-first heap   total 306176K, used 235390K [0x0000000080000000, 0x0000000100000000)
  region size 1024K, 89 young (91136K), 6 survivors (6144K)
 Metaspace       used 120309K, capacity 123733K, committed 123984K, reserved 1157120K
  class space    used 15255K, capacity 16471K, committed 16508K, reserved 1048576K
}
Event: 806.529 GC heap after
{Heap after GC invocations=98 (full 0):
 garbage-first heap   total 306176K, used 159353K [0x0000000080000000, 0x0000000100000000)
  region size 1024K, 12 young (12288K), 12 survivors (12288K)
 Metaspace       used 120309K, capacity 123733K, committed 123984K, reserved 1157120K
  class space    used 15255K, capacity 16471K, committed 16508K, reserved 1048576K
}
Event: 808.627 GC heap before
{Heap before GC invocations=98 (full 0):
 garbage-first heap   total 306176K, used 233081K [0x0000000080000000, 0x0000000100000000)
  region size 1024K, 85 young (87040K), 12 survivors (12288K)
 Metaspace       used 121782K, capacity 125345K, committed 125520K, reserved 1159168K
  class space    used 15453K, capacity 16716K, committed 16764K, reserved 1048576K
}
Event: 808.649 GC heap after
{Heap after GC invocations=99 (full 0):
 garbage-first heap   total 306176K, used 171654K [0x0000000080000000, 0x0000000100000000)
  region size 1024K, 11 young (11264K), 11 survivors (11264K)
 Metaspace       used 121782K, capacity 125345K, committed 125520K, reserved 1159168K
  class space    used 15453K, capacity 16716K, committed 16764K, reserved 1048576K
}
Event: 809.202 GC heap before
{Heap before GC invocations=100 (full 0):
 garbage-first heap   total 316416K, used 237190K [0x0000000080000000, 0x0000000100000000)
  region size 1024K, 75 young (76800K), 11 survivors (11264K)
 Metaspace       used 122717K, capacity 126372K, committed 126544K, reserved 1159168K
  class space    used 15602K, capacity 16911K, committed 17020K, reserved 1048576K
}
Event: 809.286 GC heap after
{Heap after GC invocations=101 (full 0):
 garbage-first heap   total 316416K, used 184969K [0x0000000080000000, 0x0000000100000000)
  region size 1024K, 10 young (10240K), 10 survivors (10240K)
 Metaspace       used 122717K, capacity 126372K, committed 126544K, reserved 1159168K
  class space    used 15602K, capacity 16911K, committed 17020K, reserved 1048576K
}
Event: 809.404 GC heap before
{Heap before GC invocations=101 (full 0):
 garbage-first heap   total 316416K, used 248457K [0x0000000080000000, 0x0000000100000000)
  region size 1024K, 72 young (73728K), 10 survivors (10240K)
 Metaspace       used 123902K, capacity 127581K, committed 127696K, reserved 1159168K
  class space    used 15762K, capacity 17084K, committed 17148K, reserved 1048576K
}
Event: 809.425 GC heap after
{Heap after GC invocations=102 (full 0):
 garbage-first heap   total 316416K, used 197064K [0x0000000080000000, 0x0000000100000000)
  region size 1024K, 9 young (9216K), 9 survivors (9216K)
 Metaspace       used 123902K, capacity 127581K, committed 127696K, reserved 1159168K
  class space    used 15762K, capacity 17084K, committed 17148K, reserved 1048576K
}
Event: 810.051 GC heap before
{Heap before GC invocations=103 (full 0):
 garbage-first heap   total 339968K, used 253384K [0x0000000080000000, 0x0000000100000000)
  region size 1024K, 64 young (65536K), 9 survivors (9216K)
 Metaspace       used 127695K, capacity 131508K, committed 131792K, reserved 1163264K
  class space    used 16411K, capacity 17812K, committed 17916K, reserved 1048576K
}
Event: 810.066 GC heap after
{Heap after GC invocations=104 (full 0):
 garbage-first heap   total 339968K, used 202806K [0x0000000080000000, 0x0000000100000000)
  region size 1024K, 5 young (5120K), 5 survivors (5120K)
 Metaspace       used 127695K, capacity 131508K, committed 131792K, reserved 1163264K
  class space    used 16411K, capacity 17812K, committed 17916K, reserved 1048576K
}
Event: 810.923 GC heap before
{Heap before GC invocations=104 (full 0):
 garbage-first heap   total 339968K, used 266294K [0x0000000080000000, 0x0000000100000000)
  region size 1024K, 67 young (68608K), 5 survivors (5120K)
 Metaspace       used 128444K, capacity 132279K, committed 132560K, reserved 1163264K
  class space    used 16475K, capacity 17850K, committed 17916K, reserved 1048576K
}
Event: 810.943 GC heap after
{Heap after GC invocations=105 (full 0):
 garbage-first heap   total 339968K, used 205619K [0x0000000080000000, 0x0000000100000000)
  region size 1024K, 8 young (8192K), 8 survivors (8192K)
 Metaspace       used 128444K, capacity 132279K, committed 132560K, reserved 1163264K
  class space    used 16475K, capacity 17850K, committed 17916K, reserved 1048576K
}
Event: 811.820 GC heap before
{Heap before GC invocations=106 (full 0):
 garbage-first heap   total 357376K, used 270131K [0x0000000080000000, 0x0000000100000000)
  region size 1024K, 71 young (72704K), 8 survivors (8192K)
 Metaspace       used 128540K, capacity 132248K, committed 132560K, reserved 1163264K
  class space    used 16442K, capacity 17784K, committed 17916K, reserved 1048576K
}
Event: 811.840 GC heap after
{Heap after GC invocations=107 (full 0):
 garbage-first heap   total 357376K, used 206616K [0x0000000080000000, 0x0000000100000000)
  region size 1024K, 5 young (5120K), 5 survivors (5120K)
 Metaspace       used 128540K, capacity 132248K, committed 132560K, reserved 1163264K
  class space    used 16442K, capacity 17784K, committed 17916K, reserved 1048576K
}
Event: 812.256 GC heap before
{Heap before GC invocations=107 (full 0):
 garbage-first heap   total 357376K, used 281368K [0x0000000080000000, 0x0000000100000000)
  region size 1024K, 79 young (80896K), 5 survivors (5120K)
 Metaspace       used 128549K, capacity 132257K, committed 132560K, reserved 1163264K
  class space    used 16444K, capacity 17787K, committed 17916K, reserved 1048576K
}
Event: 812.273 GC heap after
{Heap after GC invocations=108 (full 0):
 garbage-first heap   total 357376K, used 211223K [0x0000000080000000, 0x0000000100000000)
  region size 1024K, 10 young (10240K), 10 survivors (10240K)
 Metaspace       used 128549K, capacity 132257K, committed 132560K, reserved 1163264K
  class space    used 16444K, capacity 17787K, committed 17916K, reserved 1048576K
}

