# JRE version: Java(TM) SE Runtime Environment (13.0.1+9) (build 13.0.1+9)
# Java VM: Java HotSpot(TM) 64-Bit Server VM (13.0.1+9, mixed mode, sharing, tiered, compressed oops, g1 gc, windows-amd64)
Heap:
 garbage-first heap   total 745472K, used 199125K [0x0000000080000000, 0x0000000100000000)
  region size 1024K, 28 young (28672K), 28 survivors (28672K)
 Metaspace       used 94963K, capacity 97698K, committed 98556K, reserved 1134592K
  class space    used 12602K, capacity 13627K, committed 14076K, reserved 1048576K
GC Heap History (20 events):
Event: 140.896 GC heap after
{Heap after GC invocations=85 (full 0):
 garbage-first heap   total 327680K, used 161483K [0x0000000080000000, 0x0000000100000000)
  region size 1024K, 6 young (6144K), 6 survivors (6144K)
 Metaspace       used 91648K, capacity 94142K, committed 95868K, reserved 1130496K
  class space    used 12306K, capacity 13229K, committed 13948K, reserved 1048576K
}
Event: 141.321 GC heap before
{Heap before GC invocations=85 (full 0):
 garbage-first heap   total 327680K, used 251595K [0x0000000080000000, 0x0000000100000000)
  region size 1024K, 94 young (96256K), 6 survivors (6144K)
 Metaspace       used 92181K, capacity 94654K, committed 96508K, reserved 1132544K
  class space    used 12366K, capacity 13291K, committed 14076K, reserved 1048576K
}
Event: 141.341 GC heap after
{Heap after GC invocations=86 (full 0):
 garbage-first heap   total 327680K, used 163127K [0x0000000080000000, 0x0000000100000000)
  region size 1024K, 8 young (8192K), 8 survivors (8192K)
 Metaspace       used 92181K, capacity 94654K, committed 96508K, reserved 1132544K
  class space    used 12366K, capacity 13291K, committed 14076K, reserved 1048576K
}
Event: 142.029 GC heap before
{Heap before GC invocations=86 (full 0):
 garbage-first heap   total 386048K, used 254263K [0x0000000080000000, 0x0000000100000000)
  region size 1024K, 97 young (99328K), 8 survivors (8192K)
 Metaspace       used 93465K, capacity 96100K, committed 97276K, reserved 1132544K
  class space    used 12525K, capacity 13515K, committed 14076K, reserved 1048576K
}
Event: 142.071 GC heap after
{Heap after GC invocations=87 (full 0):
 garbage-first heap   total 454656K, used 165187K [0x0000000080000000, 0x0000000100000000)
  region size 1024K, 8 young (8192K), 8 survivors (8192K)
 Metaspace       used 93465K, capacity 96100K, committed 97276K, reserved 1132544K
  class space    used 12525K, capacity 13515K, committed 14076K, reserved 1048576K
}
Event: 144.230 GC heap before
{Heap before GC invocations=88 (full 0):
 garbage-first heap   total 454656K, used 357699K [0x0000000080000000, 0x0000000100000000)
  region size 1024K, 196 young (200704K), 8 survivors (8192K)
 Metaspace       used 94276K, capacity 96960K, committed 97788K, reserved 1132544K
  class space    used 12592K, capacity 13622K, committed 14076K, reserved 1048576K
}
Event: 144.309 GC heap after
{Heap after GC invocations=89 (full 0):
 garbage-first heap   total 454656K, used 168035K [0x0000000080000000, 0x0000000100000000)
  region size 1024K, 11 young (11264K), 11 survivors (11264K)
 Metaspace       used 94276K, capacity 96960K, committed 97788K, reserved 1132544K
  class space    used 12592K, capacity 13622K, committed 14076K, reserved 1048576K
}
Event: 145.233 GC heap before
{Heap before GC invocations=89 (full 0):
 garbage-first heap   total 454656K, used 373859K [0x0000000080000000, 0x0000000100000000)
  region size 1024K, 212 young (217088K), 11 survivors (11264K)
 Metaspace       used 94516K, capacity 97246K, committed 98044K, reserved 1132544K
  class space    used 12596K, capacity 13625K, committed 14076K, reserved 1048576K
}
Event: 145.272 GC heap after
{Heap after GC invocations=90 (full 0):
 garbage-first heap   total 454656K, used 171946K [0x0000000080000000, 0x0000000100000000)
  region size 1024K, 15 young (15360K), 15 survivors (15360K)
 Metaspace       used 94516K, capacity 97246K, committed 98044K, reserved 1132544K
  class space    used 12596K, capacity 13625K, committed 14076K, reserved 1048576K
}
Event: 145.885 GC heap before
{Heap before GC invocations=90 (full 0):
 garbage-first heap   total 454656K, used 378794K [0x0000000080000000, 0x0000000100000000)
  region size 1024K, 217 young (222208K), 15 survivors (15360K)
 Metaspace       used 94592K, capacity 97324K, committed 98300K, reserved 1134592K
  class space    used 12600K, capacity 13627K, committed 14076K, reserved 1048576K
}
Event: 145.923 GC heap after
{Heap after GC invocations=91 (full 0):
 garbage-first heap   total 454656K, used 176139K [0x0000000080000000, 0x0000000100000000)
  region size 1024K, 19 young (19456K), 19 survivors (19456K)
 Metaspace       used 94592K, capacity 97324K, committed 98300K, reserved 1134592K
  class space    used 12600K, capacity 13627K, committed 14076K, reserved 1048576K
}
Event: 146.495 GC heap before
{Heap before GC invocations=91 (full 0):
 garbage-first heap   total 454656K, used 382987K [0x0000000080000000, 0x0000000100000000)
  region size 1024K, 221 young (226304K), 19 survivors (19456K)
 Metaspace       used 94642K, capacity 97390K, committed 98300K, reserved 1134592K
  class space    used 12601K, capacity 13627K, committed 14076K, reserved 1048576K
}
Event: 146.563 GC heap after
{Heap after GC invocations=92 (full 0):
 garbage-first heap   total 595968K, used 179946K [0x0000000080000000, 0x0000000100000000)
  region size 1024K, 18 young (18432K), 18 survivors (18432K)
 Metaspace       used 94642K, capacity 97390K, committed 98300K, reserved 1134592K
  class space    used 12601K, capacity 13627K, committed 14076K, reserved 1048576K
}
Event: 149.183 GC heap before
{Heap before GC invocations=92 (full 0):
 garbage-first heap   total 595968K, used 507626K [0x0000000080000000, 0x0000000100000000)
  region size 1024K, 338 young (346112K), 18 survivors (18432K)
 Metaspace       used 94687K, capacity 97455K, committed 98300K, reserved 1134592K
  class space    used 12601K, capacity 13627K, committed 14076K, reserved 1048576K
}
Event: 149.313 GC heap after
{Heap after GC invocations=93 (full 0):
 garbage-first heap   total 595968K, used 185066K [0x0000000080000000, 0x0000000100000000)
  region size 1024K, 23 young (23552K), 23 survivors (23552K)
 Metaspace       used 94687K, capacity 97455K, committed 98300K, reserved 1134592K
  class space    used 12601K, capacity 13627K, committed 14076K, reserved 1048576K
}
Event: 150.580 GC heap before
{Heap before GC invocations=93 (full 0):
 garbage-first heap   total 595968K, used 506602K [0x0000000080000000, 0x0000000100000000)
  region size 1024K, 337 young (345088K), 23 survivors (23552K)
 Metaspace       used 94709K, capacity 97456K, committed 98300K, reserved 1134592K
  class space    used 12602K, capacity 13627K, committed 14076K, reserved 1048576K
}
Event: 150.628 GC heap after
{Heap after GC invocations=94 (full 0):
 garbage-first heap   total 595968K, used 189159K [0x0000000080000000, 0x0000000100000000)
  region size 1024K, 27 young (27648K), 27 survivors (27648K)
 Metaspace       used 94709K, capacity 97456K, committed 98300K, reserved 1134592K
  class space    used 12602K, capacity 13627K, committed 14076K, reserved 1048576K
}
Event: 151.881 GC heap before
{Heap before GC invocations=94 (full 0):
 garbage-first heap   total 595968K, used 507623K [0x0000000080000000, 0x0000000100000000)
  region size 1024K, 337 young (345088K), 27 survivors (27648K)
 Metaspace       used 94928K, capacity 97631K, committed 98556K, reserved 1134592K
  class space    used 12602K, capacity 13627K, committed 14076K, reserved 1048576K
}
Event: 151.950 GC heap after
{Heap after GC invocations=95 (full 0):
 garbage-first heap   total 595968K, used 194736K [0x0000000080000000, 0x0000000100000000)
  region size 1024K, 27 young (27648K), 27 survivors (27648K)
 Metaspace       used 94928K, capacity 97631K, committed 98556K, reserved 1134592K
  class space    used 12602K, capacity 13627K, committed 14076K, reserved 1048576K
}
Event: 153.413 GC heap before
{Heap before GC invocations=95 (full 0):
 garbage-first heap   total 595968K, used 506032K [0x0000000080000000, 0x0000000100000000)
  region size 1024K, 331 young (338944K), 27 survivors (27648K)
 Metaspace       used 94963K, capacity 97698K, committed 98556K, reserved 1134592K
  class space    used 12602K, capacity 13627K, committed 14076K, reserved 1048576K
}

