# JRE version: Java(TM) SE Runtime Environment (13.0.1+9) (build 13.0.1+9)
# Java VM: Java HotSpot(TM) 64-Bit Server VM (13.0.1+9, mixed mode, sharing, tiered, compressed oops, g1 gc, windows-amd64)
Heap:
 garbage-first heap   total 254976K, used 195297K [0x0000000080000000, 0x0000000100000000)
  region size 1024K, 79 young (80896K), 12 survivors (12288K)
 Metaspace       used 93975K, capacity 96671K, committed 96720K, reserved 1132544K
  class space    used 12138K, capacity 13096K, committed 13132K, reserved 1048576K
GC Heap History (20 events):
Event: 481.559 GC heap before
{Heap before GC invocations=72 (full 0):
 garbage-first heap   total 254976K, used 158980K [0x0000000080000000, 0x0000000100000000)
  region size 1024K, 37 young (37888K), 1 survivors (1024K)
 Metaspace       used 77347K, capacity 79547K, committed 79824K, reserved 1118208K
  class space    used 10244K, capacity 11012K, committed 11084K, reserved 1048576K
}
Event: 481.570 GC heap after
{Heap after GC invocations=73 (full 0):
 garbage-first heap   total 254976K, used 126123K [0x0000000080000000, 0x0000000100000000)
  region size 1024K, 5 young (5120K), 5 survivors (5120K)
 Metaspace       used 77347K, capacity 79547K, committed 79824K, reserved 1118208K
  class space    used 10244K, capacity 11012K, committed 11084K, reserved 1048576K
}
Event: 481.575 GC heap before
{Heap before GC invocations=73 (full 0):
 garbage-first heap   total 254976K, used 126123K [0x0000000080000000, 0x0000000100000000)
  region size 1024K, 7 young (7168K), 5 survivors (5120K)
 Metaspace       used 77347K, capacity 79547K, committed 79824K, reserved 1118208K
  class space    used 10244K, capacity 11012K, committed 11084K, reserved 1048576K
}
Event: 481.585 GC heap after
{Heap after GC invocations=74 (full 0):
 garbage-first heap   total 254976K, used 126658K [0x0000000080000000, 0x0000000100000000)
  region size 1024K, 1 young (1024K), 1 survivors (1024K)
 Metaspace       used 77347K, capacity 79547K, committed 79824K, reserved 1118208K
  class space    used 10244K, capacity 11012K, committed 11084K, reserved 1048576K
}
Event: 484.319 GC heap before
{Heap before GC invocations=75 (full 0):
 garbage-first heap   total 254976K, used 189122K [0x0000000080000000, 0x0000000100000000)
  region size 1024K, 47 young (48128K), 1 survivors (1024K)
 Metaspace       used 79238K, capacity 81394K, committed 81744K, reserved 1120256K
  class space    used 10364K, capacity 11094K, committed 11212K, reserved 1048576K
}
Event: 484.329 GC heap after
{Heap after GC invocations=76 (full 0):
 garbage-first heap   total 254976K, used 136937K [0x0000000080000000, 0x0000000100000000)
  region size 1024K, 6 young (6144K), 6 survivors (6144K)
 Metaspace       used 79238K, capacity 81394K, committed 81744K, reserved 1120256K
  class space    used 10364K, capacity 11094K, committed 11212K, reserved 1048576K
}
Event: 489.467 GC heap before
{Heap before GC invocations=76 (full 0):
 garbage-first heap   total 254976K, used 183017K [0x0000000080000000, 0x0000000100000000)
  region size 1024K, 52 young (53248K), 6 survivors (6144K)
 Metaspace       used 81753K, capacity 83986K, committed 84176K, reserved 1122304K
  class space    used 10567K, capacity 11318K, committed 11340K, reserved 1048576K
}
Event: 489.473 GC heap after
{Heap after GC invocations=77 (full 0):
 garbage-first heap   total 254976K, used 137006K [0x0000000080000000, 0x0000000100000000)
  region size 1024K, 2 young (2048K), 2 survivors (2048K)
 Metaspace       used 81753K, capacity 83986K, committed 84176K, reserved 1122304K
  class space    used 10567K, capacity 11318K, committed 11340K, reserved 1048576K
}
Event: 496.298 GC heap before
{Heap before GC invocations=78 (full 0):
 garbage-first heap   total 254976K, used 180014K [0x0000000080000000, 0x0000000100000000)
  region size 1024K, 51 young (52224K), 2 survivors (2048K)
 Metaspace       used 82387K, capacity 84530K, committed 84816K, reserved 1122304K
  class space    used 10606K, capacity 11350K, committed 11468K, reserved 1048576K
}
Event: 496.301 GC heap after
{Heap after GC invocations=79 (full 0):
 garbage-first heap   total 254976K, used 122347K [0x0000000080000000, 0x0000000100000000)
  region size 1024K, 2 young (2048K), 2 survivors (2048K)
 Metaspace       used 82387K, capacity 84530K, committed 84816K, reserved 1122304K
  class space    used 10606K, capacity 11350K, committed 11468K, reserved 1048576K
}
Event: 499.965 GC heap before
{Heap before GC invocations=79 (full 0):
 garbage-first heap   total 254976K, used 135659K [0x0000000080000000, 0x0000000100000000)
  region size 1024K, 12 young (12288K), 2 survivors (2048K)
 Metaspace       used 82436K, capacity 84661K, committed 84816K, reserved 1122304K
  class space    used 10607K, capacity 11350K, committed 11468K, reserved 1048576K
}
Event: 499.977 GC heap after
{Heap after GC invocations=80 (full 0):
 garbage-first heap   total 254976K, used 98911K [0x0000000080000000, 0x0000000100000000)
  region size 1024K, 1 young (1024K), 1 survivors (1024K)
 Metaspace       used 82436K, capacity 84661K, committed 84816K, reserved 1122304K
  class space    used 10607K, capacity 11350K, committed 11468K, reserved 1048576K
}
Event: 508.061 GC heap before
{Heap before GC invocations=80 (full 0):
 garbage-first heap   total 254976K, used 171615K [0x0000000080000000, 0x0000000100000000)
  region size 1024K, 73 young (74752K), 1 survivors (1024K)
 Metaspace       used 85642K, capacity 87791K, committed 88016K, reserved 1126400K
  class space    used 11012K, capacity 11748K, committed 11852K, reserved 1048576K
}
Event: 508.068 GC heap after
{Heap after GC invocations=81 (full 0):
 garbage-first heap   total 254976K, used 99941K [0x0000000080000000, 0x0000000100000000)
  region size 1024K, 2 young (2048K), 2 survivors (2048K)
 Metaspace       used 85642K, capacity 87791K, committed 88016K, reserved 1126400K
  class space    used 11012K, capacity 11748K, committed 11852K, reserved 1048576K
}
Event: 540.536 GC heap before
{Heap before GC invocations=81 (full 0):
 garbage-first heap   total 254976K, used 177765K [0x0000000080000000, 0x0000000100000000)
  region size 1024K, 79 young (80896K), 2 survivors (2048K)
 Metaspace       used 87451K, capacity 89727K, committed 90064K, reserved 1128448K
  class space    used 11217K, capacity 12020K, committed 12108K, reserved 1048576K
}
Event: 540.542 GC heap after
{Heap after GC invocations=82 (full 0):
 garbage-first heap   total 254976K, used 104441K [0x0000000080000000, 0x0000000100000000)
  region size 1024K, 6 young (6144K), 6 survivors (6144K)
 Metaspace       used 87451K, capacity 89727K, committed 90064K, reserved 1128448K
  class space    used 11217K, capacity 12020K, committed 12108K, reserved 1048576K
}
Event: 571.853 GC heap before
{Heap before GC invocations=82 (full 0):
 garbage-first heap   total 254976K, used 183289K [0x0000000080000000, 0x0000000100000000)
  region size 1024K, 84 young (86016K), 6 survivors (6144K)
 Metaspace       used 88945K, capacity 91198K, committed 91472K, reserved 1128448K
  class space    used 11362K, capacity 12151K, committed 12236K, reserved 1048576K
}
Event: 571.869 GC heap after
{Heap after GC invocations=83 (full 0):
 garbage-first heap   total 254976K, used 109316K [0x0000000080000000, 0x0000000100000000)
  region size 1024K, 11 young (11264K), 11 survivors (11264K)
 Metaspace       used 88945K, capacity 91198K, committed 91472K, reserved 1128448K
  class space    used 11362K, capacity 12151K, committed 12236K, reserved 1048576K
}
Event: 587.758 GC heap before
{Heap before GC invocations=83 (full 0):
 garbage-first heap   total 254976K, used 189188K [0x0000000080000000, 0x0000000100000000)
  region size 1024K, 90 young (92160K), 11 survivors (11264K)
 Metaspace       used 92446K, capacity 94947K, committed 95184K, reserved 1132544K
  class space    used 11891K, capacity 12778K, committed 12876K, reserved 1048576K
}
Event: 587.774 GC heap after
{Heap after GC invocations=84 (full 0):
 garbage-first heap   total 254976K, used 127713K [0x0000000080000000, 0x0000000100000000)
  region size 1024K, 12 young (12288K), 12 survivors (12288K)
 Metaspace       used 92446K, capacity 94947K, committed 95184K, reserved 1132544K
  class space    used 11891K, capacity 12778K, committed 12876K, reserved 1048576K
}

