# JRE version: Java(TM) SE Runtime Environment (13.0.1+9) (build 13.0.1+9)
# Java VM: Java HotSpot(TM) 64-Bit Server VM (13.0.1+9, mixed mode, sharing, tiered, compressed oops, g1 gc, windows-amd64)
Heap:
 garbage-first heap   total 966656K, used 199267K [0x0000000080000000, 0x0000000100000000)
  region size 1024K, 3 young (3072K), 3 survivors (3072K)
 Metaspace       used 96958K, capacity 99738K, committed 100176K, reserved 1136640K
  class space    used 12779K, capacity 13780K, committed 14028K, reserved 1048576K
GC Heap History (20 events):
Event: 233.371 GC heap after
{Heap after GC invocations=94 (full 0):
 garbage-first heap   total 388096K, used 171283K [0x0000000080000000, 0x0000000100000000)
  region size 1024K, 9 young (9216K), 9 survivors (9216K)
 Metaspace       used 96467K, capacity 99136K, committed 99664K, reserved 1134592K
  class space    used 12723K, capacity 13713K, committed 14028K, reserved 1048576K
}
Event: 233.949 GC heap before
{Heap before GC invocations=94 (full 0):
 garbage-first heap   total 388096K, used 325907K [0x0000000080000000, 0x0000000100000000)
  region size 1024K, 160 young (163840K), 9 survivors (9216K)
 Metaspace       used 96537K, capacity 99218K, committed 99664K, reserved 1134592K
  class space    used 12725K, capacity 13716K, committed 14028K, reserved 1048576K
}
Event: 233.958 GC heap after
{Heap after GC invocations=95 (full 0):
 garbage-first heap   total 388096K, used 174025K [0x0000000080000000, 0x0000000100000000)
  region size 1024K, 12 young (12288K), 12 survivors (12288K)
 Metaspace       used 96537K, capacity 99218K, committed 99664K, reserved 1134592K
  class space    used 12725K, capacity 13716K, committed 14028K, reserved 1048576K
}
Event: 234.277 GC heap before
{Heap before GC invocations=95 (full 0):
 garbage-first heap   total 388096K, used 328649K [0x0000000080000000, 0x0000000100000000)
  region size 1024K, 163 young (166912K), 12 survivors (12288K)
 Metaspace       used 96553K, capacity 99219K, committed 99664K, reserved 1134592K
  class space    used 12725K, capacity 13716K, committed 14028K, reserved 1048576K
}
Event: 234.289 GC heap after
{Heap after GC invocations=96 (full 0):
 garbage-first heap   total 388096K, used 176762K [0x0000000080000000, 0x0000000100000000)
  region size 1024K, 13 young (13312K), 13 survivors (13312K)
 Metaspace       used 96553K, capacity 99219K, committed 99664K, reserved 1134592K
  class space    used 12725K, capacity 13716K, committed 14028K, reserved 1048576K
}
Event: 234.529 GC heap before
{Heap before GC invocations=96 (full 0):
 garbage-first heap   total 388096K, used 332410K [0x0000000080000000, 0x0000000100000000)
  region size 1024K, 165 young (168960K), 13 survivors (13312K)
 Metaspace       used 96566K, capacity 99220K, committed 99664K, reserved 1134592K
  class space    used 12725K, capacity 13716K, committed 14028K, reserved 1048576K
}
Event: 234.543 GC heap after
{Heap after GC invocations=97 (full 0):
 garbage-first heap   total 388096K, used 178790K [0x0000000080000000, 0x0000000100000000)
  region size 1024K, 14 young (14336K), 14 survivors (14336K)
 Metaspace       used 96566K, capacity 99220K, committed 99664K, reserved 1134592K
  class space    used 12725K, capacity 13716K, committed 14028K, reserved 1048576K
}
Event: 234.746 GC heap before
{Heap before GC invocations=97 (full 0):
 garbage-first heap   total 388096K, used 333414K [0x0000000080000000, 0x0000000100000000)
  region size 1024K, 165 young (168960K), 14 survivors (14336K)
 Metaspace       used 96600K, capacity 99303K, committed 99920K, reserved 1134592K
  class space    used 12729K, capacity 13723K, committed 14028K, reserved 1048576K
}
Event: 234.761 GC heap after
{Heap after GC invocations=98 (full 0):
 garbage-first heap   total 388096K, used 181048K [0x0000000080000000, 0x0000000100000000)
  region size 1024K, 13 young (13312K), 13 survivors (13312K)
 Metaspace       used 96600K, capacity 99303K, committed 99920K, reserved 1134592K
  class space    used 12729K, capacity 13723K, committed 14028K, reserved 1048576K
}
Event: 235.193 GC heap before
{Heap before GC invocations=98 (full 0):
 garbage-first heap   total 388096K, used 334648K [0x0000000080000000, 0x0000000100000000)
  region size 1024K, 164 young (167936K), 13 survivors (13312K)
 Metaspace       used 96627K, capacity 99306K, committed 99920K, reserved 1134592K
  class space    used 12729K, capacity 13723K, committed 14028K, reserved 1048576K
}
Event: 235.225 GC heap after
{Heap after GC invocations=99 (full 0):
 garbage-first heap   total 388096K, used 184444K [0x0000000080000000, 0x0000000100000000)
  region size 1024K, 14 young (14336K), 14 survivors (14336K)
 Metaspace       used 96627K, capacity 99306K, committed 99920K, reserved 1134592K
  class space    used 12729K, capacity 13723K, committed 14028K, reserved 1048576K
}
Event: 235.867 GC heap before
{Heap before GC invocations=99 (full 0):
 garbage-first heap   total 388096K, used 333948K [0x0000000080000000, 0x0000000100000000)
  region size 1024K, 160 young (163840K), 14 survivors (14336K)
 Metaspace       used 96730K, capacity 99380K, committed 99920K, reserved 1134592K
  class space    used 12746K, capacity 13726K, committed 14028K, reserved 1048576K
}
Event: 235.897 GC heap after
{Heap after GC invocations=100 (full 0):
 garbage-first heap   total 456704K, used 185249K [0x0000000080000000, 0x0000000100000000)
  region size 1024K, 11 young (11264K), 11 survivors (11264K)
 Metaspace       used 96730K, capacity 99380K, committed 99920K, reserved 1134592K
  class space    used 12746K, capacity 13726K, committed 14028K, reserved 1048576K
}
Event: 237.621 GC heap before
{Heap before GC invocations=100 (full 0):
 garbage-first heap   total 456704K, used 379809K [0x0000000080000000, 0x0000000100000000)
  region size 1024K, 201 young (205824K), 11 survivors (11264K)
 Metaspace       used 96899K, capacity 99577K, committed 99920K, reserved 1134592K
  class space    used 12772K, capacity 13769K, committed 14028K, reserved 1048576K
}
Event: 237.645 GC heap after
{Heap after GC invocations=101 (full 0):
 garbage-first heap   total 456704K, used 189345K [0x0000000080000000, 0x0000000100000000)
  region size 1024K, 15 young (15360K), 15 survivors (15360K)
 Metaspace       used 96899K, capacity 99577K, committed 99920K, reserved 1134592K
  class space    used 12772K, capacity 13769K, committed 14028K, reserved 1048576K
}
Event: 238.456 GC heap before
{Heap before GC invocations=101 (full 0):
 garbage-first heap   total 456704K, used 391073K [0x0000000080000000, 0x0000000100000000)
  region size 1024K, 212 young (217088K), 15 survivors (15360K)
 Metaspace       used 96905K, capacity 99583K, committed 99920K, reserved 1134592K
  class space    used 12773K, capacity 13771K, committed 14028K, reserved 1048576K
}
Event: 238.693 GC heap after
{Heap after GC invocations=102 (full 0):
 garbage-first heap   total 456704K, used 193375K [0x0000000080000000, 0x0000000100000000)
  region size 1024K, 17 young (17408K), 17 survivors (17408K)
 Metaspace       used 96905K, capacity 99583K, committed 99920K, reserved 1134592K
  class space    used 12773K, capacity 13771K, committed 14028K, reserved 1048576K
}
Event: 240.235 GC heap before
{Heap before GC invocations=102 (full 0):
 garbage-first heap   total 456704K, used 389983K [0x0000000080000000, 0x0000000100000000)
  region size 1024K, 209 young (214016K), 17 survivors (17408K)
 Metaspace       used 96958K, capacity 99738K, committed 100176K, reserved 1136640K
  class space    used 12779K, capacity 13780K, committed 14028K, reserved 1048576K
}
Event: 240.625 GC heap after
{Heap after GC invocations=103 (full 0):
 garbage-first heap   total 456704K, used 197638K [0x0000000080000000, 0x0000000100000000)
  region size 1024K, 19 young (19456K), 19 survivors (19456K)
 Metaspace       used 96958K, capacity 99738K, committed 100176K, reserved 1136640K
  class space    used 12779K, capacity 13780K, committed 14028K, reserved 1048576K
}
Event: 240.904 GC heap before
{Heap before GC invocations=103 (full 0):
 garbage-first heap   total 456704K, used 200710K [0x0000000080000000, 0x0000000100000000)
  region size 1024K, 22 young (22528K), 19 survivors (19456K)
 Metaspace       used 96958K, capacity 99738K, committed 100176K, reserved 1136640K
  class space    used 12779K, capacity 13780K, committed 14028K, reserved 1048576K
}

