# JRE version: Java(TM) SE Runtime Environment (13.0.1+9) (build 13.0.1+9)
# Java VM: Java HotSpot(TM) 64-Bit Server VM (13.0.1+9, mixed mode, sharing, tiered, compressed oops, g1 gc, windows-amd64)
Heap:
 garbage-first heap   total 361472K, used 178538K [0x0000000080000000, 0x0000000100000000)
  region size 1024K, 9 young (9216K), 8 survivors (8192K)
 Metaspace       used 94588K, capacity 97458K, committed 97872K, reserved 1132544K
  class space    used 12716K, capacity 13813K, committed 14028K, reserved 1048576K
GC Heap History (20 events):
Event: 210.342 GC heap before
{Heap before GC invocations=66 (full 0):
 garbage-first heap   total 191488K, used 143924K [0x0000000080000000, 0x0000000100000000)
  region size 1024K, 58 young (59392K), 5 survivors (5120K)
 Metaspace       used 83022K, capacity 85134K, committed 85328K, reserved 1122304K
  class space    used 10964K, capacity 11690K, committed 11724K, reserved 1048576K
}
Event: 210.591 GC heap after
{Heap after GC invocations=67 (full 0):
 garbage-first heap   total 191488K, used 101667K [0x0000000080000000, 0x0000000100000000)
  region size 1024K, 8 young (8192K), 8 survivors (8192K)
 Metaspace       used 83022K, capacity 85134K, committed 85328K, reserved 1122304K
  class space    used 10964K, capacity 11690K, committed 11724K, reserved 1048576K
}
Event: 211.520 GC heap before
{Heap before GC invocations=67 (full 0):
 garbage-first heap   total 191488K, used 146723K [0x0000000080000000, 0x0000000100000000)
  region size 1024K, 53 young (54272K), 8 survivors (8192K)
 Metaspace       used 83781K, capacity 85957K, committed 86224K, reserved 1124352K
  class space    used 11046K, capacity 11795K, committed 11852K, reserved 1048576K
}
Event: 211.606 GC heap after
{Heap after GC invocations=68 (full 0):
 garbage-first heap   total 191488K, used 111630K [0x0000000080000000, 0x0000000100000000)
  region size 1024K, 7 young (7168K), 7 survivors (7168K)
 Metaspace       used 83781K, capacity 85957K, committed 86224K, reserved 1124352K
  class space    used 11046K, capacity 11795K, committed 11852K, reserved 1048576K
}
Event: 214.748 GC heap before
{Heap before GC invocations=69 (full 0):
 garbage-first heap   total 194560K, used 148494K [0x0000000080000000, 0x0000000100000000)
  region size 1024K, 44 young (45056K), 7 survivors (7168K)
 Metaspace       used 85960K, capacity 88218K, committed 88400K, reserved 1126400K
  class space    used 11370K, capacity 12153K, committed 12236K, reserved 1048576K
}
Event: 214.762 GC heap after
{Heap after GC invocations=70 (full 0):
 garbage-first heap   total 194560K, used 113569K [0x0000000080000000, 0x0000000100000000)
  region size 1024K, 6 young (6144K), 6 survivors (6144K)
 Metaspace       used 85960K, capacity 88218K, committed 88400K, reserved 1126400K
  class space    used 11370K, capacity 12153K, committed 12236K, reserved 1048576K
}
Event: 214.987 GC heap before
{Heap before GC invocations=70 (full 0):
 garbage-first heap   total 194560K, used 152481K [0x0000000080000000, 0x0000000100000000)
  region size 1024K, 45 young (46080K), 6 survivors (6144K)
 Metaspace       used 86485K, capacity 88805K, committed 89040K, reserved 1126400K
  class space    used 11450K, capacity 12263K, committed 12364K, reserved 1048576K
}
Event: 215.006 GC heap after
{Heap after GC invocations=71 (full 0):
 garbage-first heap   total 194560K, used 122317K [0x0000000080000000, 0x0000000100000000)
  region size 1024K, 6 young (6144K), 6 survivors (6144K)
 Metaspace       used 86485K, capacity 88805K, committed 89040K, reserved 1126400K
  class space    used 11450K, capacity 12263K, committed 12364K, reserved 1048576K
}
Event: 215.261 GC heap before
{Heap before GC invocations=71 (full 0):
 garbage-first heap   total 256000K, used 155085K [0x0000000080000000, 0x0000000100000000)
  region size 1024K, 39 young (39936K), 6 survivors (6144K)
 Metaspace       used 86466K, capacity 88785K, committed 89040K, reserved 1126400K
  class space    used 11435K, capacity 12236K, committed 12364K, reserved 1048576K
}
Event: 215.279 GC heap after
{Heap after GC invocations=72 (full 0):
 garbage-first heap   total 256000K, used 129449K [0x0000000080000000, 0x0000000100000000)
  region size 1024K, 5 young (5120K), 5 survivors (5120K)
 Metaspace       used 86466K, capacity 88785K, committed 89040K, reserved 1126400K
  class space    used 11435K, capacity 12236K, committed 12364K, reserved 1048576K
}
Event: 215.595 GC heap before
{Heap before GC invocations=73 (full 0):
 garbage-first heap   total 256000K, used 182697K [0x0000000080000000, 0x0000000100000000)
  region size 1024K, 58 young (59392K), 5 survivors (5120K)
 Metaspace       used 87548K, capacity 89987K, committed 90192K, reserved 1126400K
  class space    used 11621K, capacity 12473K, committed 12492K, reserved 1048576K
}
Event: 215.614 GC heap after
{Heap after GC invocations=74 (full 0):
 garbage-first heap   total 256000K, used 143454K [0x0000000080000000, 0x0000000100000000)
  region size 1024K, 8 young (8192K), 8 survivors (8192K)
 Metaspace       used 87548K, capacity 89987K, committed 90192K, reserved 1126400K
  class space    used 11621K, capacity 12473K, committed 12492K, reserved 1048576K
}
Event: 215.711 GC heap before
{Heap before GC invocations=74 (full 0):
 garbage-first heap   total 256000K, used 192606K [0x0000000080000000, 0x0000000100000000)
  region size 1024K, 56 young (57344K), 8 survivors (8192K)
 Metaspace       used 87560K, capacity 89987K, committed 90192K, reserved 1126400K
  class space    used 11622K, capacity 12473K, committed 12492K, reserved 1048576K
}
Event: 215.729 GC heap after
{Heap after GC invocations=75 (full 0):
 garbage-first heap   total 256000K, used 153505K [0x0000000080000000, 0x0000000100000000)
  region size 1024K, 7 young (7168K), 7 survivors (7168K)
 Metaspace       used 87560K, capacity 89987K, committed 90192K, reserved 1126400K
  class space    used 11622K, capacity 12473K, committed 12492K, reserved 1048576K
}
Event: 215.852 GC heap before
{Heap before GC invocations=75 (full 0):
 garbage-first heap   total 256000K, used 199585K [0x0000000080000000, 0x0000000100000000)
  region size 1024K, 52 young (53248K), 7 survivors (7168K)
 Metaspace       used 87728K, capacity 90216K, committed 90576K, reserved 1128448K
  class space    used 11642K, capacity 12505K, committed 12620K, reserved 1048576K
}
Event: 215.868 GC heap after
{Heap after GC invocations=76 (full 0):
 garbage-first heap   total 256000K, used 162434K [0x0000000080000000, 0x0000000100000000)
  region size 1024K, 7 young (7168K), 7 survivors (7168K)
 Metaspace       used 87728K, capacity 90216K, committed 90576K, reserved 1128448K
  class space    used 11642K, capacity 12505K, committed 12620K, reserved 1048576K
}
Event: 217.342 GC heap before
{Heap before GC invocations=77 (full 0):
 garbage-first heap   total 301056K, used 201346K [0x0000000080000000, 0x0000000100000000)
  region size 1024K, 46 young (47104K), 7 survivors (7168K)
 Metaspace       used 92468K, capacity 95403K, committed 95568K, reserved 1130496K
  class space    used 12542K, capacity 13668K, committed 13772K, reserved 1048576K
}
Event: 217.371 GC heap after
{Heap after GC invocations=78 (full 0):
 garbage-first heap   total 361472K, used 167594K [0x0000000080000000, 0x0000000100000000)
  region size 1024K, 5 young (5120K), 5 survivors (5120K)
 Metaspace       used 92468K, capacity 95403K, committed 95568K, reserved 1130496K
  class space    used 12542K, capacity 13668K, committed 13772K, reserved 1048576K
}
Event: 218.784 GC heap before
{Heap before GC invocations=78 (full 0):
 garbage-first heap   total 361472K, used 239274K [0x0000000080000000, 0x0000000100000000)
  region size 1024K, 75 young (76800K), 5 survivors (5120K)
 Metaspace       used 94075K, capacity 96981K, committed 97232K, reserved 1132544K
  class space    used 12702K, capacity 13838K, committed 13900K, reserved 1048576K
}
Event: 218.802 GC heap after
{Heap after GC invocations=79 (full 0):
 garbage-first heap   total 361472K, used 171450K [0x0000000080000000, 0x0000000100000000)
  region size 1024K, 9 young (9216K), 9 survivors (9216K)
 Metaspace       used 94075K, capacity 96981K, committed 97232K, reserved 1132544K
  class space    used 12702K, capacity 13838K, committed 13900K, reserved 1048576K
}

