# JRE version: Java(TM) SE Runtime Environment (13.0.1+9) (build 13.0.1+9)
# Java VM: Java HotSpot(TM) 64-Bit Server VM (13.0.1+9, mixed mode, sharing, tiered, compressed oops, g1 gc, windows-amd64)
Heap:
 garbage-first heap   total 487424K, used 184084K [0x0000000080000000, 0x0000000100000000)
  region size 1024K, 14 young (14336K), 14 survivors (14336K)
 Metaspace       used 93013K, capacity 95987K, committed 96204K, reserved 1132544K
  class space    used 12589K, capacity 13737K, committed 13824K, reserved 1048576K
GC Heap History (20 events):
Event: 72.774 GC heap after
{Heap after GC invocations=65 (full 0):
 garbage-first heap   total 196608K, used 116616K [0x0000000080000000, 0x0000000100000000)
  region size 1024K, 6 young (6144K), 6 survivors (6144K)
 Metaspace       used 82916K, capacity 85109K, committed 85324K, reserved 1122304K
  class space    used 11078K, capacity 11875K, committed 11904K, reserved 1048576K
}
Event: 73.199 GC heap before
{Heap before GC invocations=65 (full 0):
 garbage-first heap   total 196608K, used 154504K [0x0000000080000000, 0x0000000100000000)
  region size 1024K, 44 young (45056K), 6 survivors (6144K)
 Metaspace       used 83336K, capacity 85568K, committed 85708K, reserved 1122304K
  class space    used 11131K, capacity 11921K, committed 12032K, reserved 1048576K
}
Event: 73.228 GC heap after
{Heap after GC invocations=66 (full 0):
 garbage-first heap   total 196608K, used 125239K [0x0000000080000000, 0x0000000100000000)
  region size 1024K, 6 young (6144K), 6 survivors (6144K)
 Metaspace       used 83336K, capacity 85568K, committed 85708K, reserved 1122304K
  class space    used 11131K, capacity 11921K, committed 12032K, reserved 1048576K
}
Event: 73.627 GC heap before
{Heap before GC invocations=66 (full 0):
 garbage-first heap   total 196608K, used 158007K [0x0000000080000000, 0x0000000100000000)
  region size 1024K, 38 young (38912K), 6 survivors (6144K)
 Metaspace       used 83837K, capacity 86164K, committed 86220K, reserved 1124352K
  class space    used 11200K, capacity 12031K, committed 12032K, reserved 1048576K
}
Event: 73.803 GC heap after
{Heap after GC invocations=67 (full 0):
 garbage-first heap   total 196608K, used 133485K [0x0000000080000000, 0x0000000100000000)
  region size 1024K, 5 young (5120K), 5 survivors (5120K)
 Metaspace       used 83837K, capacity 86164K, committed 86220K, reserved 1124352K
  class space    used 11200K, capacity 12031K, committed 12032K, reserved 1048576K
}
Event: 74.404 GC heap before
{Heap before GC invocations=68 (full 0):
 garbage-first heap   total 225280K, used 158061K [0x0000000080000000, 0x0000000100000000)
  region size 1024K, 30 young (30720K), 5 survivors (5120K)
 Metaspace       used 84564K, capacity 86824K, committed 87116K, reserved 1124352K
  class space    used 11282K, capacity 12101K, committed 12160K, reserved 1048576K
}
Event: 74.516 GC heap after
{Heap after GC invocations=69 (full 0):
 garbage-first heap   total 225280K, used 140638K [0x0000000080000000, 0x0000000100000000)
  region size 1024K, 4 young (4096K), 4 survivors (4096K)
 Metaspace       used 84564K, capacity 86824K, committed 87116K, reserved 1124352K
  class space    used 11282K, capacity 12101K, committed 12160K, reserved 1048576K
}
Event: 74.882 GC heap before
{Heap before GC invocations=69 (full 0):
 garbage-first heap   total 225280K, used 174430K [0x0000000080000000, 0x0000000100000000)
  region size 1024K, 37 young (37888K), 4 survivors (4096K)
 Metaspace       used 85240K, capacity 87481K, committed 87756K, reserved 1124352K
  class space    used 11372K, capacity 12170K, committed 12288K, reserved 1048576K
}
Event: 74.944 GC heap after
{Heap after GC invocations=70 (full 0):
 garbage-first heap   total 225280K, used 147478K [0x0000000080000000, 0x0000000100000000)
  region size 1024K, 5 young (5120K), 5 survivors (5120K)
 Metaspace       used 85240K, capacity 87481K, committed 87756K, reserved 1124352K
  class space    used 11372K, capacity 12170K, committed 12288K, reserved 1048576K
}
Event: 75.075 GC heap before
{Heap before GC invocations=70 (full 0):
 garbage-first heap   total 225280K, used 179222K [0x0000000080000000, 0x0000000100000000)
  region size 1024K, 36 young (36864K), 5 survivors (5120K)
 Metaspace       used 85515K, capacity 87784K, committed 88012K, reserved 1124352K
  class space    used 11387K, capacity 12207K, committed 12288K, reserved 1048576K
}
Event: 75.121 GC heap after
{Heap after GC invocations=71 (full 0):
 garbage-first heap   total 398336K, used 153681K [0x0000000080000000, 0x0000000100000000)
  region size 1024K, 5 young (5120K), 5 survivors (5120K)
 Metaspace       used 85515K, capacity 87784K, committed 88012K, reserved 1124352K
  class space    used 11387K, capacity 12207K, committed 12288K, reserved 1048576K
}
Event: 77.323 GC heap before
{Heap before GC invocations=72 (full 0):
 garbage-first heap   total 398336K, used 234577K [0x0000000080000000, 0x0000000100000000)
  region size 1024K, 85 young (87040K), 5 survivors (5120K)
 Metaspace       used 90531K, capacity 93251K, committed 93516K, reserved 1130496K
  class space    used 12269K, capacity 13320K, committed 13440K, reserved 1048576K
}
Event: 77.392 GC heap after
{Heap after GC invocations=73 (full 0):
 garbage-first heap   total 398336K, used 162619K [0x0000000080000000, 0x0000000100000000)
  region size 1024K, 11 young (11264K), 11 survivors (11264K)
 Metaspace       used 90531K, capacity 93251K, committed 93516K, reserved 1130496K
  class space    used 12269K, capacity 13320K, committed 13440K, reserved 1048576K
}
Event: 78.209 GC heap before
{Heap before GC invocations=73 (full 0):
 garbage-first heap   total 398336K, used 249659K [0x0000000080000000, 0x0000000100000000)
  region size 1024K, 97 young (99328K), 11 survivors (11264K)
 Metaspace       used 92268K, capacity 95162K, committed 95308K, reserved 1130496K
  class space    used 12519K, capacity 13639K, committed 13696K, reserved 1048576K
}
Event: 78.229 GC heap after
{Heap after GC invocations=74 (full 0):
 garbage-first heap   total 398336K, used 169475K [0x0000000080000000, 0x0000000100000000)
  region size 1024K, 13 young (13312K), 13 survivors (13312K)
 Metaspace       used 92268K, capacity 95162K, committed 95308K, reserved 1130496K
  class space    used 12519K, capacity 13639K, committed 13696K, reserved 1048576K
}
Event: 78.737 GC heap before
{Heap before GC invocations=74 (full 0):
 garbage-first heap   total 398336K, used 263683K [0x0000000080000000, 0x0000000100000000)
  region size 1024K, 105 young (107520K), 13 survivors (13312K)
 Metaspace       used 92512K, capacity 95502K, committed 95692K, reserved 1130496K
  class space    used 12582K, capacity 13733K, committed 13824K, reserved 1048576K
}
Event: 78.768 GC heap after
{Heap after GC invocations=75 (full 0):
 garbage-first heap   total 398336K, used 171070K [0x0000000080000000, 0x0000000100000000)
  region size 1024K, 8 young (8192K), 8 survivors (8192K)
 Metaspace       used 92512K, capacity 95502K, committed 95692K, reserved 1130496K
  class space    used 12582K, capacity 13733K, committed 13824K, reserved 1048576K
}
Event: 79.382 GC heap before
{Heap before GC invocations=75 (full 0):
 garbage-first heap   total 398336K, used 292926K [0x0000000080000000, 0x0000000100000000)
  region size 1024K, 128 young (131072K), 8 survivors (8192K)
 Metaspace       used 92555K, capacity 95511K, committed 95692K, reserved 1130496K
  class space    used 12585K, capacity 13736K, committed 13824K, reserved 1048576K
}
Event: 79.415 GC heap after
{Heap after GC invocations=76 (full 0):
 garbage-first heap   total 398336K, used 177093K [0x0000000080000000, 0x0000000100000000)
  region size 1024K, 14 young (14336K), 14 survivors (14336K)
 Metaspace       used 92555K, capacity 95511K, committed 95692K, reserved 1130496K
  class space    used 12585K, capacity 13736K, committed 13824K, reserved 1048576K
}
Event: 80.463 GC heap before
{Heap before GC invocations=76 (full 0):
 garbage-first heap   total 398336K, used 299973K [0x0000000080000000, 0x0000000100000000)
  region size 1024K, 135 young (138240K), 14 survivors (14336K)
 Metaspace       used 93013K, capacity 95987K, committed 96204K, reserved 1132544K
  class space    used 12589K, capacity 13737K, committed 13824K, reserved 1048576K
}

